#kernel
IpInReceives                    130972             0.0
IpInDelivers                    130972             0.0
IpOutRequests                   2993778            0.0
IpOutDiscards                   2187               0.0
IcmpInMsgs                      130555             0.0
IcmpInErrors                    49137              0.0
IcmpInDestUnreachs              130555             0.0
IcmpOutMsgs                     132734             0.0
IcmpOutDestUnreachs             132734             0.0
IcmpMsgInType3                  130555             0.0
IcmpMsgOutType3                 132734             0.0
TcpActiveOpens                  736933             0.0
TcpPassiveOpens                 6                  0.0
TcpAttemptFails                 81418              0.0
TcpEstabResets                  6                  0.0
TcpInSegs                       416                0.0
TcpOutSegs                      737454             0.0
TcpRetransSegs                  103477             0.0
UdpInDatagrams                  1                  0.0
UdpOutDatagrams                 1                  0.0
TcpExtTW                        1                  0.0
TcpExtDelayedACKs               9                  0.0
TcpExtDelayedACKLost            2                  0.0
TcpExtTCPPrequeued              40                 0.0
TcpExtTCPDirectCopyFromPrequeue 28201              0.0
TcpExtTCPHPHits                 37                 0.0
TcpExtTCPHPHitsToUser           12                 0.0
TcpExtTCPPureAcks               100                0.0
TcpExtTCPHPAcks                 4                  0.0
TcpExtTCPLossUndo               2                  0.0
TcpExtTCPTimeouts               733583             0.0
TcpExtTCPLossProbes             3                  0.0
TcpExtTCPDSACKOldSent           2                  0.0
TcpExtTCPDSACKRecv              2                  0.0
TcpExtTCPAbortOnTimeout         6                  0.0
TcpExtTCPDSACKIgnoredNoUndo     2                  0.0
TcpExtTCPRetransFail            2020104            0.0
TcpExtTCPSpuriousRtxHostQueues  51562              0.0
TcpExtTCPSynRetrans             103474             0.0
TcpExtTCPOrigDataSent           299                0.0
TcpExtTCPHystartTrainDetect     1                  0.0
TcpExtTCPHystartTrainCwnd       41                 0.0
IpExtInOctets                   19627262           0.0
IpExtOutOctets                  192987046          0.0
IpExtInNoECTPkts                130972             0.0
