#kernel
IpInReceives                    1769               0.0
IpInDelivers                    1769               0.0
IpOutRequests                   10362              0.0
IpOutDiscards                   21                 0.0
IcmpInMsgs                      1729               0.0
IcmpInErrors                    1219               0.0
IcmpInDestUnreachs              1729               0.0
IcmpOutMsgs                     1750               0.0
IcmpOutDestUnreachs             1750               0.0
IcmpMsgInType3                  1729               0.0
IcmpMsgOutType3                 1750               0.0
TcpActiveOpens                  1                  0.0
TcpPassiveOpens                 1                  0.0
TcpAttemptFails                 510                0.0
TcpEstabResets                  1                  0.0
TcpInSegs                       40                 0.0
TcpOutSegs                      49                 0.0
TcpRetransSegs                  730                0.0
TcpOutRsts                      5                  0.0
TcpExtTW                        5                  0.0
TcpExtDelayedACKs               1                  0.0
TcpExtTCPPrequeued              5                  0.0
TcpExtTCPDirectCopyFromPrequeue 3226               0.0
TcpExtTCPHPHits                 1                  0.0
TcpExtTCPHPHitsToUser           1                  0.0
TcpExtTCPPureAcks               9                  0.0
TcpExtTCPHPAcks                 2                  0.0
TcpExtTCPLossUndo               1                  0.0
TcpExtTCPTimeouts               1                  0.0
TcpExtTCPAbortOnData            3                  0.0
TcpExtTCPRetransFail            7833               0.0
TcpExtTCPSynRetrans             730                0.0
TcpExtTCPOrigDataSent           27                 0.0
IpExtInOctets                   158316             0.0
IpExtOutOctets                  674773             0.0
IpExtInNoECTPkts                1769               0.0
