#kernel
IpInReceives                    96161              0.0
IpInDelivers                    96161              0.0
IpOutRequests                   1606012            0.0
IpOutDiscards                   1470               0.0
IcmpInMsgs                      95869              0.0
IcmpInErrors                    46145              0.0
IcmpInDestUnreachs              95869              0.0
IcmpOutMsgs                     97339              0.0
IcmpOutDestUnreachs             97339              0.0
IcmpMsgInType3                  95869              0.0
IcmpMsgOutType3                 97339              0.0
TcpActiveOpens                  392484             0.0
TcpPassiveOpens                 6                  0.0
TcpAttemptFails                 49724              0.0
TcpEstabResets                  4                  0.0
TcpInSegs                       291                0.0
TcpOutSegs                      392901             0.0
TcpRetransSegs                  73721              0.0
UdpInDatagrams                  1                  0.0
UdpOutDatagrams                 1                  0.0
TcpExtTW                        1                  0.0
TcpExtDelayedACKs               11                 0.0
TcpExtDelayedACKLost            1                  0.0
TcpExtTCPPrequeued              43                 0.0
TcpExtTCPDirectCopyFromPrequeue 29824              0.0
TcpExtTCPHPHits                 45                 0.0
TcpExtTCPHPHitsToUser           9                  0.0
TcpExtTCPPureAcks               62                 0.0
TcpExtTCPHPAcks                 2                  0.0
TcpExtTCPLossUndo               4                  0.0
TcpExtTCPTimeouts               391858             0.0
TcpExtTCPLossProbes             1                  0.0
TcpExtTCPDSACKOldSent           1                  0.0
TcpExtTCPDSACKRecv              1                  0.0
TcpExtTCPAbortOnTimeout         4                  0.0
TcpExtTCPDSACKIgnoredNoUndo     1                  0.0
TcpExtTCPRetransFail            1042050            0.0
TcpExtTCPSpuriousRtxHostQueues  35511              0.0
TcpExtTCPSynRetrans             73720              0.0
TcpExtTCPOrigDataSent           213                0.0
TcpExtTCPHystartTrainDetect     1                  0.0
TcpExtTCPHystartTrainCwnd       41                 0.0
IpExtInOctets                   12548115           0.0
IpExtOutOctets                  104639871          0.0
IpExtInNoECTPkts                96161              0.0
