#kernel
IpInReceives                    1095               0.0
IpInDelivers                    1095               0.0
IpOutRequests                   7926               0.0
IpOutDiscards                   1                  0.0
IcmpInMsgs                      1058               0.0
IcmpInErrors                    1022               0.0
IcmpInDestUnreachs              1058               0.0
IcmpOutMsgs                     1059               0.0
IcmpOutDestUnreachs             1059               0.0
IcmpMsgInType3                  1058               0.0
IcmpMsgOutType3                 1059               0.0
TcpActiveOpens                  1                  0.0
TcpPassiveOpens                 2                  0.0
TcpAttemptFails                 37                 0.0
TcpEstabResets                  1                  0.0
TcpInSegs                       37                 0.0
TcpOutSegs                      38                 0.0
TcpRetransSegs                  39                 0.0
TcpOutRsts                      5                  0.0
TcpExtEmbryonicRsts             1                  0.0
TcpExtTW                        5                  0.0
TcpExtTCPPrequeued              1                  0.0
TcpExtTCPDirectCopyFromPrequeue 340                0.0
TcpExtTCPHPHitsToUser           1                  0.0
TcpExtTCPPureAcks               9                  0.0
TcpExtTCPHPAcks                 3                  0.0
TcpExtTCPLossUndo               1                  0.0
TcpExtTCPTimeouts               2                  0.0
TcpExtTCPAbortOnData            3                  0.0
TcpExtTCPRetransFail            6790               0.0
TcpExtTCPSpuriousRtxHostQueues  7                  0.0
TcpExtTCPSynRetrans             38                 0.0
TcpExtTCPOrigDataSent           20                 0.0
IpExtInOctets                   95538              0.0
IpExtOutOctets                  505689             0.0
IpExtInNoECTPkts                1095               0.0
