#kernel
IpInReceives                    85372              0.0
IpInDelivers                    85372              0.0
IpOutRequests                   928552             0.0
IpOutDiscards                   955                0.0
IcmpInMsgs                      85202              0.0
IcmpInErrors                    49623              0.0
IcmpInDestUnreachs              85202              0.0
IcmpOutMsgs                     86157              0.0
IcmpOutDestUnreachs             86157              0.0
IcmpMsgInType3                  85202              0.0
IcmpMsgOutType3                 86157              0.0
TcpActiveOpens                  229276             0.0
TcpPassiveOpens                 5                  0.0
TcpAttemptFails                 35579              0.0
TcpEstabResets                  2                  0.0
TcpInSegs                       170                0.0
TcpOutSegs                      229511             0.0
TcpRetransSegs                  57207              0.0
TcpExtTW                        1                  0.0
TcpExtDelayedACKs               21                 0.0
TcpExtDelayedACKLost            2                  0.0
TcpExtListenDrops               1                  0.0
TcpExtTCPPrequeued              76                 0.0
TcpExtTCPDirectCopyFromPrequeue 45063              0.0
TcpExtTCPHPHits                 15                 0.0
TcpExtTCPHPHitsToUser           10                 0.0
TcpExtTCPPureAcks               35                 0.0
TcpExtTCPHPAcks                 7                  0.0
TcpExtTCPLossUndo               3                  0.0
TcpExtTCPTimeouts               227907             0.0
TcpExtTCPDSACKOldSent           2                  0.0
TcpExtTCPDSACKRecv              1                  0.0
TcpExtTCPAbortOnTimeout         2                  0.0
TcpExtTCPSackShiftFallback      1                  0.0
TcpExtTCPRetransFail            555676             0.0
TcpExtTCPRcvCoalesce            1                  0.0
TcpExtTCPSpuriousRtxHostQueues  34703              0.0
TcpExtTCPSynRetrans             57206              0.0
TcpExtTCPOrigDataSent           115                0.0
IpExtInOctets                   7560432            0.0
IpExtOutOctets                  58178918           0.0
IpExtInNoECTPkts                85372              0.0
