#kernel
IpInReceives                    3743               0.0
IpInDelivers                    3743               0.0
IpOutRequests                   14040              0.0
IpOutDiscards                   55                 0.0
IcmpInMsgs                      3712               0.0
IcmpInErrors                    1528               0.0
IcmpInDestUnreachs              3712               0.0
IcmpOutMsgs                     3766               0.0
IcmpOutDestUnreachs             3766               0.0
IcmpMsgInType3                  3712               0.0
IcmpMsgOutType3                 3766               0.0
TcpActiveOpens                  3327               0.0
TcpPassiveOpens                 1                  0.0
TcpAttemptFails                 2185               0.0
TcpEstabResets                  1                  0.0
TcpInSegs                       30                 0.0
TcpOutSegs                      3367               0.0
TcpRetransSegs                  1575               0.0
TcpOutRsts                      5                  0.0
UdpInDatagrams                  1                  0.0
UdpOutDatagrams                 1                  0.0
TcpExtEmbryonicRsts             1                  0.0
TcpExtTW                        4                  0.0
TcpExtTCPPrequeued              1                  0.0
TcpExtTCPDirectCopyFromPrequeue 340                0.0
TcpExtTCPHPHitsToUser           1                  0.0
TcpExtTCPPureAcks               7                  0.0
TcpExtTCPHPAcks                 1                  0.0
TcpExtTCPLossUndo               1                  0.0
TcpExtTCPTimeouts               3695               0.0
TcpExtTCPAbortOnData            3                  0.0
TcpExtTCPRetransFail            5335               0.0
TcpExtTCPSpuriousRtxHostQueues  1021               0.0
TcpExtTCPSynRetrans             1575               0.0
TcpExtTCPOrigDataSent           17                 0.0
IpExtInOctets                   329156             0.0
IpExtOutOctets                  948504             0.0
IpExtInNoECTPkts                3743               0.0
