#kernel
IpInReceives                    90190              0.0
IpInDelivers                    90190              0.0
IpOutRequests                   476383             0.0
IpOutDiscards                   981                0.0
IcmpInMsgs                      90001              0.0
IcmpInErrors                    37952              0.0
IcmpInDestUnreachs              90001              0.0
IcmpOutMsgs                     90981              0.0
IcmpOutDestUnreachs             90981              0.0
IcmpMsgInType3                  90001              0.0
IcmpMsgOutType3                 90981              0.0
TcpActiveOpens                  115354             0.0
TcpPassiveOpens                 5                  0.0
TcpAttemptFails                 52049              0.0
TcpEstabResets                  4                  0.0
TcpInSegs                       189                0.0
TcpOutSegs                      115605             0.0
TcpRetransSegs                  57490              0.0
TcpExtTW                        1                  0.0
TcpExtDelayedACKs               17                 0.0
TcpExtListenDrops               1                  0.0
TcpExtTCPPrequeued              64                 0.0
TcpExtTCPDirectCopyFromPrequeue 41233              0.0
TcpExtTCPHPHits                 15                 0.0
TcpExtTCPHPHitsToUser           12                 0.0
TcpExtTCPPureAcks               53                 0.0
TcpExtTCPHPAcks                 5                  0.0
TcpExtTCPLossUndo               3                  0.0
TcpExtTCPTimeouts               108664             0.0
TcpExtTCPAbortOnTimeout         4                  0.0
TcpExtTCPRetransFail            212307             0.0
TcpExtTCPSpuriousRtxHostQueues  28738              0.0
TcpExtTCPSynRetrans             57490              0.0
TcpExtTCPOrigDataSent           119                0.0
IpExtInOctets                   8981441            0.0
IpExtOutOctets                  32173684           0.0
IpExtInNoECTPkts                90190              0.0
