#kernel
IpInReceives                    2476               0.0
IpInDelivers                    2476               0.0
IpOutRequests                   7013               0.0
IpOutDiscards                   29                 0.0
IcmpInMsgs                      2385               0.0
IcmpInErrors                    1364               0.0
IcmpInDestUnreachs              2385               0.0
IcmpOutMsgs                     2413               0.0
IcmpOutDestUnreachs             2413               0.0
IcmpMsgInType3                  2385               0.0
IcmpMsgOutType3                 2413               0.0
TcpActiveOpens                  1065               0.0
TcpPassiveOpens                 1                  0.0
TcpAttemptFails                 1021               0.0
TcpEstabResets                  1                  0.0
TcpInSegs                       91                 0.0
TcpOutSegs                      1153               0.0
TcpRetransSegs                  1400               0.0
TcpOutRsts                      7                  0.0
TcpExtTW                        4                  0.0
TcpExtPAWSEstab                 2                  0.0
TcpExtDelayedACKs               1                  0.0
TcpExtDelayedACKLost            1                  0.0
TcpExtTCPPrequeued              1                  0.0
TcpExtTCPDirectCopyFromPrequeue 340                0.0
TcpExtTCPHPHits                 3                  0.0
TcpExtTCPHPHitsToUser           1                  0.0
TcpExtTCPPureAcks               34                 0.0
TcpExtTCPHPAcks                 9                  0.0
TcpExtTCPLossUndo               1                  0.0
TcpExtTCPTimeouts               2046               0.0
TcpExtTCPDSACKOldSent           1                  0.0
TcpExtTCPDSACKRecv              1                  0.0
TcpExtTCPAbortOnData            4                  0.0
TcpExtTCPSackShiftFallback      1                  0.0
TcpExtTCPRetransFail            2048               0.0
TcpExtTCPRcvCoalesce            1                  0.0
TcpExtTCPOFOQueue               1                  0.0
TcpExtTCPSpuriousRtxHostQueues  1021               0.0
TcpExtTCPAutoCorking            4                  0.0
TcpExtTCPSynRetrans             1399               0.0
TcpExtTCPOrigDataSent           58                 0.0
TcpExtTCPACKSkippedPAWS         1                  0.0
IpExtInOctets                   216245             0.0
IpExtOutOctets                  497260             0.0
IpExtInNoECTPkts                2476               0.0
