#kernel
IpInReceives                    82542              0.0
IpInDelivers                    82542              0.0
IpOutRequests                   221894             0.0
IpOutDiscards                   808                0.0
IcmpInMsgs                      82334              0.0
IcmpInErrors                    31230              0.0
IcmpInDestUnreachs              82334              0.0
IcmpOutMsgs                     83142              0.0
IcmpOutDestUnreachs             83142              0.0
IcmpMsgInType3                  82334              0.0
IcmpMsgOutType3                 83142              0.0
TcpActiveOpens                  56176              0.0
TcpPassiveOpens                 4                  0.0
TcpAttemptFails                 51104              0.0
TcpInSegs                       208                0.0
TcpOutSegs                      56436              0.0
TcpRetransSegs                  50276              0.0
TcpExtTW                        1                  0.0
TcpExtDelayedACKs               22                 0.0
TcpExtTCPPrequeued              98                 0.0
TcpExtTCPDirectCopyFromPrequeue 58584              0.0
TcpExtTCPHPHits                 13                 0.0
TcpExtTCPHPHitsToUser           9                  0.0
TcpExtTCPPureAcks               34                 0.0
TcpExtTCPHPAcks                 13                 0.0
TcpExtTCPLossUndo               2                  0.0
TcpExtTCPTimeouts               43485              0.0
TcpExtTCPRetransFail            32040              0.0
TcpExtTCPSpuriousRtxHostQueues  27736              0.0
TcpExtTCPAutoCorking            1                  0.0
TcpExtTCPSynRetrans             50276              0.0
TcpExtTCPOrigDataSent           152                0.0
IpExtInOctets                   7824389            0.0
IpExtOutOctets                  16203360           0.0
IpExtInNoECTPkts                82542              0.0
