#kernel
IpInReceives                    520                0.0
IpInDelivers                    520                0.0
IpOutRequests                   962                0.0
IcmpInMsgs                      496                0.0
IcmpInErrors                    496                0.0
IcmpInDestUnreachs              496                0.0
IcmpOutMsgs                     496                0.0
IcmpOutDestUnreachs             496                0.0
IcmpMsgInType3                  496                0.0
IcmpMsgOutType3                 496                0.0
TcpActiveOpens                  442                0.0
TcpPassiveOpens                 1                  0.0
TcpEstabResets                  1                  0.0
TcpInSegs                       23                 0.0
TcpOutSegs                      465                0.0
TcpOutRsts                      1                  0.0
UdpInDatagrams                  1                  0.0
UdpOutDatagrams                 1                  0.0
TcpExtTW                        3                  0.0
TcpExtDelayedACKs               1                  0.0
TcpExtTCPPrequeued              1                  0.0
TcpExtTCPDirectCopyFromPrequeue 340                0.0
TcpExtTCPHPHitsToUser           1                  0.0
TcpExtTCPPureAcks               9                  0.0
TcpExtTCPHPAcks                 1                  0.0
TcpExtTCPAbortOnData            1                  0.0
TcpExtTCPOrigDataSent           13                 0.0
IpExtInOctets                   45508              0.0
IpExtOutOctets                  72236              0.0
IpExtInNoECTPkts                520                0.0
