#kernel
IpInReceives                    55214              0.0
IpInDelivers                    55214              0.0
IpOutRequests                   110564             0.0
IcmpInMsgs                      55081              0.0
IcmpInErrors                    27541              0.0
IcmpInDestUnreachs              55081              0.0
IcmpOutMsgs                     55080              0.0
IcmpOutDestUnreachs             55080              0.0
IcmpMsgInType3                  55081              0.0
IcmpMsgOutType3                 55080              0.0
TcpActiveOpens                  27654              0.0
TcpPassiveOpens                 4                  0.0
TcpAttemptFails                 27540              0.0
TcpInSegs                       133                0.0
TcpOutSegs                      27782              0.0
TcpRetransSegs                  27702              0.0
TcpExtTW                        1                  0.0
TcpExtDelayedACKs               8                  0.0
TcpExtTCPPrequeued              36                 0.0
TcpExtTCPDirectCopyFromPrequeue 29581              0.0
TcpExtTCPHPHits                 14                 0.0
TcpExtTCPHPHitsToUser           3                  0.0
TcpExtTCPPureAcks               23                 0.0
TcpExtTCPHPAcks                 16                 0.0
TcpExtTCPTimeouts               27594              0.0
TcpExtTCPSpuriousRtxHostQueues  27634              0.0
TcpExtTCPSynRetrans             27702              0.0
TcpExtTCPOrigDataSent           89                 0.0
IpExtInOctets                   5143109            0.0
IpExtOutOctets                  8464371            0.0
IpExtInNoECTPkts                55214              0.0
