#kernel
IpInReceives                    27554              0.0
IpInDelivers                    27554              0.0
IpOutRequests                   55711              0.0
IcmpInMsgs                      27432              0.0
IcmpInErrors                    13716              0.0
IcmpInDestUnreachs              27432              0.0
IcmpOutMsgs                     27432              0.0
IcmpOutDestUnreachs             27432              0.0
IcmpMsgInType3                  27432              0.0
IcmpMsgOutType3                 27432              0.0
TcpActiveOpens                  14284              0.0
TcpPassiveOpens                 4                  0.0
TcpAttemptFails                 13716              0.0
TcpInSegs                       121                0.0
TcpOutSegs                      14400              0.0
TcpRetransSegs                  13878              0.0
UdpInDatagrams                  1                  0.0
UdpOutDatagrams                 1                  0.0
TcpExtTW                        1                  0.0
TcpExtDelayedACKs               7                  0.0
TcpExtTCPPrequeued              32                 0.0
TcpExtTCPDirectCopyFromPrequeue 26695              0.0
TcpExtTCPHPHits                 11                 0.0
TcpExtTCPHPHitsToUser           3                  0.0
TcpExtTCPPureAcks               23                 0.0
TcpExtTCPHPAcks                 13                 0.0
TcpExtTCPTimeouts               13770              0.0
TcpExtTCPSpuriousRtxHostQueues  13885              0.0
TcpExtTCPSynRetrans             13878              0.0
TcpExtTCPOrigDataSent           80                 0.0
IpExtInOctets                   2580728            0.0
IpExtOutOctets                  4270452            0.0
IpExtInNoECTPkts                27554              0.0
