#kernel
IpInReceives                    13735              0.0
IpInDelivers                    13735              0.0
IpOutRequests                   27806              0.0
IcmpInMsgs                      13608              0.0
IcmpInErrors                    6804               0.0
IcmpInDestUnreachs              13608              0.0
IcmpOutMsgs                     13608              0.0
IcmpOutDestUnreachs             13608              0.0
IcmpMsgInType3                  13608              0.0
IcmpMsgOutType3                 13608              0.0
TcpActiveOpens                  7116               0.0
TcpPassiveOpens                 4                  0.0
TcpAttemptFails                 6804               0.0
TcpInSegs                       126                0.0
TcpOutSegs                      7231               0.0
TcpRetransSegs                  6966               0.0
UdpInDatagrams                  1                  0.0
UdpOutDatagrams                 1                  0.0
TcpExtTW                        6                  0.0
TcpExtDelayedACKs               7                  0.0
TcpExtTCPPrequeued              32                 0.0
TcpExtTCPDirectCopyFromPrequeue 26695              0.0
TcpExtTCPHPHits                 10                 0.0
TcpExtTCPHPHitsToUser           3                  0.0
TcpExtTCPPureAcks               28                 0.0
TcpExtTCPHPAcks                 12                 0.0
TcpExtTCPTimeouts               6858               0.0
TcpExtTCPSpuriousRtxHostQueues  6804               0.0
TcpExtTCPSynRetrans             6966               0.0
TcpExtTCPOrigDataSent           80                 0.0
IpExtInOctets                   1301864            0.0
IpExtOutOctets                  2146500            0.0
IpExtInNoECTPkts                13735              0.0
