#kernel
IpInReceives                    770                0.0
IpInDelivers                    770                0.0
IpOutRequests                   1207               0.0
IcmpInMsgs                      504                0.0
IcmpInErrors                    252                0.0
IcmpInDestUnreachs              504                0.0
IcmpOutMsgs                     504                0.0
IcmpOutDestUnreachs             504                0.0
IcmpMsgInType3                  504                0.0
IcmpMsgOutType3                 504                0.0
TcpActiveOpens                  259                0.0
TcpPassiveOpens                 5                  0.0
TcpAttemptFails                 252                0.0
TcpEstabResets                  1                  0.0
TcpInSegs                       266                0.0
TcpOutSegs                      445                0.0
TcpRetransSegs                  259                0.0
TcpOutRsts                      1                  0.0
TcpExtDelayedACKs               1                  0.0
TcpExtTCPPrequeued              9                  0.0
TcpExtTCPDirectCopyFromPrequeue 9713               0.0
TcpExtTCPHPHits                 6                  0.0
TcpExtTCPHPHitsToUser           4                  0.0
TcpExtTCPPureAcks               116                0.0
TcpExtTCPHPAcks                 13                 0.0
TcpExtTCPTimeouts               254                0.0
TcpExtTCPLossProbes             1                  0.0
TcpExtTCPLossProbeRecovery      1                  0.0
TcpExtTCPAbortOnData            1                  0.0
TcpExtTCPRcvCoalesce            1                  0.0
TcpExtTCPOFOQueue               1                  0.0
TcpExtTCPSpuriousRtxHostQueues  252                0.0
TcpExtTCPAutoCorking            1                  0.0
TcpExtTCPSynRetrans             258                0.0
TcpExtTCPOrigDataSent           154                0.0
IpExtInOctets                   77018              0.0
IpExtOutOctets                  112346             0.0
IpExtInNoECTPkts                770                0.0
